<?xml version="1.0" encoding="UTF-8"?>
<!-- Generated by org.testng.reporters.JUnitXMLReporter -->
<testsuite hostname="192-168-1-117.tpgi.com.au" ignored="0" name="Default test" tests="3" failures="0" timestamp="10 Dec 2018 08:38:13 GMT" time="56.491" errors="0">
  <testcase name="Trip1Test" time="19.84" classname="solution1Tests.Trip1Tests"/>
  <testcase name="Trip1Test" time="17.751" classname="solution1Tests.Trip1Tests"/>
  <testcase name="Trip1Test" time="18.391" classname="solution1Tests.Trip1Tests"/>
</testsuite> <!-- Default test -->
