<?xml version="1.0" encoding="UTF-8"?>
<testng-results skipped="0" failed="0" ignored="0" total="3" passed="3">
  <reporter-output>
  </reporter-output>
  <suite name="Default suite" duration-ms="56491" started-at="2018-12-10T08:37:17Z" finished-at="2018-12-10T08:38:13Z">
    <groups>
    </groups>
    <test name="Default test" duration-ms="56491" started-at="2018-12-10T08:37:17Z" finished-at="2018-12-10T08:38:13Z">
      <class name="solution1Tests.Trip1Tests">
        <test-method status="PASS" signature="Trip1Test(java.lang.String, java.lang.String)[pri:0, instance:solution1Tests.Trip1Tests@a38d7a3]" name="Trip1Test" duration-ms="19840" started-at="2018-12-10T08:37:17Z" data-provider="testdata" finished-at="2018-12-10T08:37:37Z">
          <params>
            <param index="0">
              <value>
                <![CDATA[North Sydney Station]]>
              </value>
            </param>
            <param index="1">
              <value>
                <![CDATA[Town Hall Station]]>
              </value>
            </param>
          </params>
          <reporter-output>
          </reporter-output>
        </test-method> <!-- Trip1Test -->
        <test-method status="PASS" signature="Trip1Test(java.lang.String, java.lang.String)[pri:0, instance:solution1Tests.Trip1Tests@a38d7a3]" name="Trip1Test" duration-ms="17751" started-at="2018-12-10T08:37:37Z" data-provider="testdata" finished-at="2018-12-10T08:37:54Z">
          <params>
            <param index="0">
              <value>
                <![CDATA[a]]>
              </value>
            </param>
            <param index="1">
              <value>
                <![CDATA[a]]>
              </value>
            </param>
          </params>
          <reporter-output>
          </reporter-output>
        </test-method> <!-- Trip1Test -->
        <test-method status="PASS" signature="Trip1Test(java.lang.String, java.lang.String)[pri:0, instance:solution1Tests.Trip1Tests@a38d7a3]" name="Trip1Test" duration-ms="18391" started-at="2018-12-10T08:37:54Z" data-provider="testdata" finished-at="2018-12-10T08:38:13Z">
          <params>
            <param index="0">
              <value>
                <![CDATA[sdfsdfsdf]]>
              </value>
            </param>
            <param index="1">
              <value>
                <![CDATA[dfsdf]]>
              </value>
            </param>
          </params>
          <reporter-output>
          </reporter-output>
        </test-method> <!-- Trip1Test -->
        <test-method status="PASS" signature="CloseBrowse()[pri:0, instance:solution1Tests.Trip1Tests@a38d7a3]" name="CloseBrowse" is-config="true" duration-ms="242" started-at="2018-12-10T08:38:13Z" finished-at="2018-12-10T08:38:13Z">
          <reporter-output>
          </reporter-output>
        </test-method> <!-- CloseBrowse -->
      </class> <!-- solution1Tests.Trip1Tests -->
    </test> <!-- Default test -->
  </suite> <!-- Default suite -->
</testng-results>
