<?xml version="1.0" encoding="UTF-8"?>
<!-- Generated by org.testng.reporters.JUnitXMLReporter -->
<testsuite hostname="192-168-1-117.tpgi.com.au" ignored="0" name="TripPlanner1" tests="3" failures="0" timestamp="10 Dec 2018 07:53:25 GMT" time="71.706" errors="0">
  <testcase name="Trip1Test" time="36.062" classname="com.solution1.Trip1Tests.Trip1Tests"/>
  <testcase name="Trip1Test" time="17.765" classname="com.solution1.Trip1Tests.Trip1Tests"/>
  <testcase name="Trip1Test" time="17.446" classname="com.solution1.Trip1Tests.Trip1Tests"/>
</testsuite> <!-- TripPlanner1 -->
